<?xml version="1.0" encoding="UTF-8"?>
<!-- Generated by org.testng.reporters.JUnitReportReporter -->
<testsuite skipped="0" hostname="Ruturaj-PC" name="Wire_Scenario.runJOB_acknowledgemenprocessor" tests="4" failures="0" timestamp="04 Dec 2017 12:17:04 GMT" time="0.005" errors="0">
  <testcase name="ACK_01" time="0.001" classname="Wire_Scenario.runJOB_acknowledgemenprocessor"/>
  <testcase name="ACK_02" time="0.001" classname="Wire_Scenario.runJOB_acknowledgemenprocessor"/>
  <testcase name="ACK_03" time="0.002" classname="Wire_Scenario.runJOB_acknowledgemenprocessor"/>
  <testcase name="ACK_04" time="0.001" classname="Wire_Scenario.runJOB_acknowledgemenprocessor"/>
</testsuite> <!-- Wire_Scenario.runJOB_acknowledgemenprocessor -->
