<?xml version="1.0" encoding="UTF-8"?>
<!-- Generated by org.testng.reporters.JUnitReportReporter -->
<testsuite skipped="0" hostname="RCVirus" name="ProjLoginLogout.ProjLoginLogout.JiraAppTest" tests="2" failures="0" timestamp="30 Jan 2018 08:18:35 GMT" time="24.438" errors="0">
  <testcase name="JiraAppLogin" time="1.117" classname="ProjLoginLogout.ProjLoginLogout.JiraAppTest"/>
  <testcase name="JiraApplogout" time="23.321" classname="ProjLoginLogout.ProjLoginLogout.JiraAppTest"/>
</testsuite> <!-- ProjLoginLogout.ProjLoginLogout.JiraAppTest -->
