<?xml version="1.0" encoding="UTF-8"?>
<!-- Generated by org.testng.reporters.JUnitReportReporter -->
<testsuite skipped="0" hostname="Ruturaj-PC" name="ProjLoginLogout.ProjLoginLogout.LoginLogouttestNG" tests="1" failures="0" timestamp="04 Jan 2018 10:41:43 GMT" time="18.225" errors="0">
  <testcase name="login" time="18.225" classname="ProjLoginLogout.ProjLoginLogout.LoginLogouttestNG"/>
</testsuite> <!-- ProjLoginLogout.ProjLoginLogout.LoginLogouttestNG -->
