<?xml version="1.0" encoding="UTF-8"?>
<!-- Generated by org.testng.reporters.JUnitReportReporter -->
<testsuite skipped="0" hostname="View_sonic" name="JSDAutomation.JSDAutomation.JSDtestNG" tests="1" failures="0" timestamp="03 Jul 2017 10:51:45 GMT" time="257.313" errors="0">
  <testcase name="Request" time="257.313" classname="JSDAutomation.JSDAutomation.JSDtestNG"/>
</testsuite> <!-- JSDAutomation.JSDAutomation.JSDtestNG -->
