<?xml version="1.0" encoding="UTF-8"?>
<!-- Generated by org.testng.reporters.JUnitReportReporter -->
<testsuite skipped="0" hostname="RCVirus" name="ProjLoginLogout.ProjLoginLogout.JiraAppTest" tests="2" failures="0" timestamp="30 Jan 2018 08:20:09 GMT" time="23.084" errors="0">
  <testcase name="JiraAppLogin" time="0.998" classname="ProjLoginLogout.ProjLoginLogout.JiraAppTest"/>
  <testcase name="JiraApplogout" time="22.086" classname="ProjLoginLogout.ProjLoginLogout.JiraAppTest"/>
</testsuite> <!-- ProjLoginLogout.ProjLoginLogout.JiraAppTest -->
